
Started Import Process
# System Details: 
Debug Mode 		: Disabled
Operating System 	: Linux
Software 		: LiteSpeed
MySQL version 		: 11.8.3
XML Reader 		: Yes
PHP Version 		: 8.2.28
PHP Max Input Vars 	: 50000
PHP Max Post Size 	: 2048M
PHP Extension GD 	: Yes
PHP Max Execution Time 	: 300
Max Upload Size 	: 2 GB
Memory Limit 		: Current memory limit 40M. We recommend setting memory to at least 64M.
Timezone 		: 0

-----

Importing Started! - 09:36:21 UTC
---

WHY IMPORT PROCESS CAN FAIL? READ THIS - 
https://wpastra.com/docs/?p=1314&utm_source=demo-import-panel&utm_campaign=import-error&utm_medium=wp-dashboard

---

Started Import Process
# System Details: 
Debug Mode 		: Disabled
Operating System 	: Linux
Software 		: LiteSpeed
MySQL version 		: 11.8.3
XML Reader 		: Yes
PHP Version 		: 8.2.28
PHP Max Input Vars 	: 50000
PHP Max Post Size 	: 2048M
PHP Extension GD 	: Yes
PHP Max Execution Time 	: 300
Max Upload Size 	: 2 GB
Memory Limit 		: Current memory limit 40M. We recommend setting memory to at least 64M.
Timezone 		: 0

-----

Importing Started! - 10:49:00 UTC
---

WHY IMPORT PROCESS CAN FAIL? READ THIS - 
https://wpastra.com/docs/?p=1314&utm_source=demo-import-panel&utm_campaign=import-error&utm_medium=wp-dashboard

---

Started Import Process
# System Details: 
Debug Mode 		: Disabled
Operating System 	: Linux
Software 		: LiteSpeed
MySQL version 		: 11.8.3
XML Reader 		: Yes
PHP Version 		: 8.2.28
PHP Max Input Vars 	: 50000
PHP Max Post Size 	: 2048M
PHP Extension GD 	: Yes
PHP Max Execution Time 	: 300
Max Upload Size 	: 2 GB
Memory Limit 		: Current memory limit 40M. We recommend setting memory to at least 64M.
Timezone 		: 0

-----

Importing Started! - 10:49:06 UTC
---

WHY IMPORT PROCESS CAN FAIL? READ THIS - 
https://wpastra.com/docs/?p=1314&utm_source=demo-import-panel&utm_campaign=import-error&utm_medium=wp-dashboard

---
